#! /c/Source/iverilog-install/bin/vvp
:ivl_version "12.0 (devel)" "(s20150603-1110-g18392a46)";
:ivl_delay_selection "TYPICAL";
:vpi_time_precision - 3;
:vpi_module "C:\iverilog\lib\ivl\system.vpi";
:vpi_module "C:\iverilog\lib\ivl\vhdl_sys.vpi";
:vpi_module "C:\iverilog\lib\ivl\vhdl_textio.vpi";
:vpi_module "C:\iverilog\lib\ivl\v2005_math.vpi";
:vpi_module "C:\iverilog\lib\ivl\va_math.vpi";
S_000001db37ac8340 .scope module, "trafficlight_tb" "trafficlight_tb" 2 10;
 .timescale -3 -3;
v000001db37ab54d0_0 .net "H", 0 0, v000001db37a0ac40_0;  1 drivers
v000001db37ab5570_0 .net "K", 0 0, v000001db37a93000_0;  1 drivers
v000001db37ab5610_0 .net "M", 0 0, v000001db37ac8660_0;  1 drivers
v000001db37ab56b0_0 .var "X", 0 0;
v000001db37ab5750_0 .var "clock", 0 0;
v000001db37ab57f0_0 .var/i "counter", 31 0;
v000001db37ab5890_0 .var/i "i", 31 0;
v000001db37ab5930_0 .var/i "j", 31 0;
S_000001db37ac84d0 .scope module, "uut" "trafficlight" 2 16, 3 9 0, S_000001db37ac8340;
 .timescale -3 -3;
    .port_info 0 /INPUT 1 "X";
    .port_info 1 /INPUT 1 "clock";
    .port_info 2 /OUTPUT 1 "M";
    .port_info 3 /OUTPUT 1 "K";
    .port_info 4 /OUTPUT 1 "H";
P_000001db37a0ae90 .param/l "S0" 0 3 15, C4<00>;
P_000001db37a0aec8 .param/l "S1" 0 3 15, C4<01>;
P_000001db37a0af00 .param/l "S2" 0 3 15, C4<10>;
P_000001db37a0af38 .param/l "S3" 0 3 15, C4<11>;
v000001db37a0ac40_0 .var "H", 0 0;
v000001db37a93000_0 .var "K", 0 0;
v000001db37ac8660_0 .var "M", 0 0;
v000001db37ac8700_0 .net "X", 0 0, v000001db37ab56b0_0;  1 drivers
v000001db37ab5390_0 .net "clock", 0 0, v000001db37ab5750_0;  1 drivers
v000001db37ab5430_0 .var "state", 1 0;
E_000001db37a080d0 .event posedge, v000001db37ab5390_0;
    .scope S_000001db37ac84d0;
T_0 ;
    %wait E_000001db37a080d0;
    %load/vec4 v000001db37ab5430_0;
    %dup/vec4;
    %pushi/vec4 0, 0, 2;
    %cmp/u;
    %jmp/1 T_0.0, 6;
    %dup/vec4;
    %pushi/vec4 1, 0, 2;
    %cmp/u;
    %jmp/1 T_0.1, 6;
    %dup/vec4;
    %pushi/vec4 2, 0, 2;
    %cmp/u;
    %jmp/1 T_0.2, 6;
    %dup/vec4;
    %pushi/vec4 3, 0, 2;
    %cmp/u;
    %jmp/1 T_0.3, 6;
    %jmp T_0.4;
T_0.0 ;
    %pushi/vec4 1, 0, 1;
    %store/vec4 v000001db37ac8660_0, 0, 1;
    %pushi/vec4 0, 0, 1;
    %store/vec4 v000001db37a93000_0, 0, 1;
    %pushi/vec4 0, 0, 1;
    %store/vec4 v000001db37a0ac40_0, 0, 1;
    %jmp T_0.4;
T_0.1 ;
    %pushi/vec4 0, 0, 1;
    %store/vec4 v000001db37ac8660_0, 0, 1;
    %pushi/vec4 1, 0, 1;
    %store/vec4 v000001db37a93000_0, 0, 1;
    %pushi/vec4 0, 0, 1;
    %store/vec4 v000001db37a0ac40_0, 0, 1;
    %jmp T_0.4;
T_0.2 ;
    %pushi/vec4 0, 0, 1;
    %store/vec4 v000001db37ac8660_0, 0, 1;
    %pushi/vec4 0, 0, 1;
    %store/vec4 v000001db37a93000_0, 0, 1;
    %pushi/vec4 1, 0, 1;
    %store/vec4 v000001db37a0ac40_0, 0, 1;
    %jmp T_0.4;
T_0.3 ;
    %pushi/vec4 0, 0, 1;
    %store/vec4 v000001db37ac8660_0, 0, 1;
    %pushi/vec4 0, 0, 1;
    %store/vec4 v000001db37a93000_0, 0, 1;
    %pushi/vec4 0, 0, 1;
    %store/vec4 v000001db37a0ac40_0, 0, 1;
    %jmp T_0.4;
T_0.4 ;
    %pop/vec4 1;
    %jmp T_0;
    .thread T_0;
    .scope S_000001db37ac84d0;
T_1 ;
    %wait E_000001db37a080d0;
    %load/vec4 v000001db37ac8700_0;
    %dup/vec4;
    %pushi/vec4 1, 0, 1;
    %cmp/u;
    %jmp/1 T_1.0, 6;
    %dup/vec4;
    %pushi/vec4 0, 0, 1;
    %cmp/u;
    %jmp/1 T_1.1, 6;
    %jmp T_1.2;
T_1.0 ;
    %pushi/vec4 0, 0, 2;
    %store/vec4 v000001db37ab5430_0, 0, 2;
    %delay 96000, 0;
    %pushi/vec4 1, 0, 2;
    %store/vec4 v000001db37ab5430_0, 0, 2;
    %delay 4000, 0;
    %pushi/vec4 2, 0, 2;
    %store/vec4 v000001db37ab5430_0, 0, 2;
    %delay 20000, 0;
    %jmp T_1.2;
T_1.1 ;
    %pushi/vec4 1, 0, 2;
    %store/vec4 v000001db37ab5430_0, 0, 2;
    %delay 4000, 0;
    %pushi/vec4 3, 0, 2;
    %store/vec4 v000001db37ab5430_0, 0, 2;
    %delay 4000, 0;
    %jmp T_1.2;
T_1.2 ;
    %pop/vec4 1;
    %jmp T_1;
    .thread T_1;
    .scope S_000001db37ac8340;
T_2 ;
    %vpi_call 2 22 "$monitor", "Detik ke-%3d, Clock = %b, X = %b, M = %b, K = %b, H = %b", v000001db37ab57f0_0, v000001db37ab5750_0, v000001db37ab56b0_0, v000001db37ab5610_0, v000001db37ab5570_0, v000001db37ab54d0_0 {0 0 0};
    %end;
    .thread T_2;
    .scope S_000001db37ac8340;
T_3 ;
    %pushi/vec4 0, 0, 1;
    %store/vec4 v000001db37ab5750_0, 0, 1;
    %pushi/vec4 0, 0, 32;
    %store/vec4 v000001db37ab5930_0, 0, 32;
T_3.0 ;
    %load/vec4 v000001db37ab5930_0;
    %cmpi/s 600, 0, 32;
    %flag_or 5, 4;
    %jmp/0xz T_3.1, 5;
    %load/vec4 v000001db37ab5750_0;
    %inv;
    %store/vec4 v000001db37ab5750_0, 0, 1;
    %delay 500, 0;
    ; show_stmt_assign_vector: Get l-value for compressed += operand
    %load/vec4 v000001db37ab5930_0;
    %pushi/vec4 1, 0, 32;
    %add;
    %store/vec4 v000001db37ab5930_0, 0, 32;
    %jmp T_3.0;
T_3.1 ;
    %end;
    .thread T_3;
    .scope S_000001db37ac8340;
T_4 ;
    %pushi/vec4 1, 0, 1;
    %store/vec4 v000001db37ab56b0_0, 0, 1;
    %delay 120000, 0;
    %pushi/vec4 0, 0, 1;
    %store/vec4 v000001db37ab56b0_0, 0, 1;
    %delay 8000, 0;
    %end;
    .thread T_4;
    .scope S_000001db37ac8340;
T_5 ;
    %pushi/vec4 0, 0, 32;
    %store/vec4 v000001db37ab57f0_0, 0, 32;
    %pushi/vec4 0, 0, 32;
    %store/vec4 v000001db37ab5890_0, 0, 32;
T_5.0 ;
    %load/vec4 v000001db37ab5890_0;
    %cmpi/s 300, 0, 32;
    %flag_or 5, 4;
    %jmp/0xz T_5.1, 5;
    ; show_stmt_assign_vector: Get l-value for compressed += operand
    %load/vec4 v000001db37ab57f0_0;
    %pushi/vec4 1, 0, 32;
    %add;
    %store/vec4 v000001db37ab57f0_0, 0, 32;
    %delay 1000, 0;
    ; show_stmt_assign_vector: Get l-value for compressed += operand
    %load/vec4 v000001db37ab5890_0;
    %pushi/vec4 1, 0, 32;
    %add;
    %store/vec4 v000001db37ab5890_0, 0, 32;
    %jmp T_5.0;
T_5.1 ;
    %end;
    .thread T_5;
# The file index is used to find the file name in the following table.
:file_names 4;
    "N/A";
    "<interactive>";
    "UTS_tb.v";
    "./UTS.v";
